<?xml version="1.0" encoding="UTF-8" ?>
<testsuite tests="18" failures="0" name="org.spring.petclinic.it.AcceptanceIT" time="40.477" errors="0" skipped="0">
  <properties>
[...]
</properties>
  <testcase classname="| 1 | &quot;Dolly&quot; | &quot;1&quot; |" name="Given a registered user" time="0.001"/>
  <testcase classname="| 1 | &quot;Dolly&quot; | &quot;1&quot; |" name="And owner with 1" time="0"/>
  <testcase classname="| 1 | &quot;Dolly&quot; | &quot;1&quot; |" name="When add a new pet with &quot;Dolly&quot; and &quot;1&quot; agaisnt an owner" time="0"/>
  <testcase classname="| 1 | &quot;Dolly&quot; | &quot;1&quot; |" name="Then I shoud be able to see it under same owner 1 profile with same &quot;Dolly&quot; and &quot;1&quot;" time="0"/>
  <testcase classname="| 1 | &quot;Dolly&quot; | &quot;1&quot; |" name="| 1 | &quot;Dolly&quot; | &quot;1&quot; |" time="2.814"/>
  <testcase classname="| 1 | &quot;Shadow&quot; | &quot;2&quot; |" name="Given a registered user" time="0"/>
  <testcase classname="| 1 | &quot;Shadow&quot; | &quot;2&quot; |" name="And owner with 1" time="0"/>
  <testcase classname="| 1 | &quot;Shadow&quot; | &quot;2&quot; |" name="When add a new pet with &quot;Shadow&quot; and &quot;2&quot; agaisnt an owner" time="0"/>
  <testcase classname="| 1 | &quot;Shadow&quot; | &quot;2&quot; |" name="Then I shoud be able to see it under same owner 1 profile with same &quot;Shadow&quot; and &quot;2&quot;" time="0"/>
  <testcase classname="| 1 | &quot;Shadow&quot; | &quot;2&quot; |" name="| 1 | &quot;Shadow&quot; | &quot;2&quot; |" time="3.48"/>
  <testcase classname="Scenario: Search pets without any criteria" name="Given a registered user" time="0"/>
  <testcase classname="Scenario: Search pets without any criteria" name="When I search pets without any criteria" time="0"/>
  <testcase classname="Scenario: Search pets without any criteria" name="Then I shoud get a list of pets" time="0"/>
  <testcase classname="Scenario: Search pets without any criteria" name="Scenario: Search pets without any criteria" time="2.862"/>
  <testcase classname="Scenario: Search vets without any criteria" name="Given a registered user" time="0"/>
  <testcase classname="Scenario: Search vets without any criteria" name="When I search vets without any criteria" time="0"/>
  <testcase classname="Scenario: Search vets without any criteria" name="Then I shoud get a list of vets" time="0"/>
  <testcase classname="Scenario: Search vets without any criteria" name="Scenario: Search vets without any criteria" time="2.773"/>
</testsuite>