SF:/Users/husainbasrawala/development/sonar_selinium_coverage/spring-petclinic/spring-petclinic-web/target/reports/jscover-maven/file/original-src/main/webapp/components/_partials/SearchController.js
FNDA:4,0
FNDA:4,1
FNDA:0,2
FNF:3
FNH:2
BRDA:5,0,1,4
BRDA:5,0,2,-
DA:1,4
DA:2,4
DA:3,4
DA:4,4
DA:5,4
DA:6,0
DA:7,0
DA:10,4
end_of_record
SF:/Users/husainbasrawala/development/sonar_selinium_coverage/spring-petclinic/spring-petclinic-web/target/reports/jscover-maven/file/original-src/main/webapp/components/dashboard/DashboardController.js
FNDA:4,0
FNF:1
FNH:1
DA:1,4
end_of_record
SF:/Users/husainbasrawala/development/sonar_selinium_coverage/spring-petclinic/spring-petclinic-web/target/reports/jscover-maven/file/original-src/main/webapp/components/directives/DatePickerDirective.js
FNDA:0,0
FNDA:0,1
FNF:2
FNH:0
DA:1,4
DA:2,0
DA:3,0
end_of_record
SF:/Users/husainbasrawala/development/sonar_selinium_coverage/spring-petclinic/spring-petclinic-web/target/reports/jscover-maven/file/original-src/main/webapp/components/main/MainController.js
FNDA:12,0
FNDA:496,1
FNDA:4,2
FNDA:4,3
FNDA:0,4
FNDA:28,5
FNF:6
FNH:5
BRDA:20,0,1,-
BRDA:20,0,2,-
BRDA:58,0,1,28
BRDA:58,0,2,-
BRDA:58,0,3,16
BRDA:58,0,4,-
DA:1,4
DA:3,12
DA:5,12
DA:6,496
DA:9,12
DA:10,4
DA:11,4
DA:14,12
DA:15,4
DA:16,4
DA:19,12
DA:20,0
DA:21,0
DA:23,0
DA:27,12
DA:49,12
DA:51,12
DA:53,12
DA:55,12
DA:56,28
DA:58,28
DA:59,0
DA:60,0
end_of_record
SF:/Users/husainbasrawala/development/sonar_selinium_coverage/spring-petclinic/spring-petclinic-web/target/reports/jscover-maven/file/original-src/main/webapp/components/owners/OwnerController.js
FNDA:4,0
FNDA:0,1
FNDA:2,2
FNDA:0,3
FNDA:2,4
FNDA:0,5
FNDA:2,6
FNDA:0,7
FNF:8
FNH:4
BRDA:33,0,1,-
BRDA:33,0,2,-
BRDA:34,0,1,-
BRDA:34,0,2,-
DA:1,4
DA:2,4
DA:3,0
DA:8,4
DA:11,4
DA:13,2
DA:14,2
DA:15,2
DA:17,2
DA:18,2
DA:19,2
DA:21,2
DA:22,0
DA:23,0
DA:26,2
DA:27,2
DA:28,2
DA:31,2
DA:32,0
DA:33,0
DA:34,0
DA:35,0
DA:36,0
DA:43,4
DA:45,2
DA:47,2
DA:48,0
end_of_record
SF:/Users/husainbasrawala/development/sonar_selinium_coverage/spring-petclinic/spring-petclinic-web/target/reports/jscover-maven/file/original-src/main/webapp/components/pets/PetController.js
FNDA:5,0
FNDA:1,1
FNDA:2,2
FNDA:2,3
FNDA:2,4
FNF:5
FNH:5
BRDA:19,0,1,-
BRDA:19,0,2,5
BRDA:20,0,1,3
BRDA:20,0,2,2
BRDA:28,0,1,2
BRDA:28,0,2,13
BRDA:29,0,1,13
BRDA:29,0,2,-
BRDA:30,0,1,-
BRDA:30,0,2,-
BRDA:35,0,1,-
BRDA:35,0,2,2
DA:1,4
DA:3,5
DA:4,1
DA:9,5
DA:13,4
DA:14,2
DA:16,2
DA:17,2
DA:19,2
DA:20,5
DA:21,2
DA:22,2
DA:26,2
DA:27,2
DA:28,2
DA:29,13
DA:30,0
DA:31,0
DA:32,0
DA:35,2
DA:36,2
end_of_record
SF:/Users/husainbasrawala/development/sonar_selinium_coverage/spring-petclinic/spring-petclinic-web/target/reports/jscover-maven/file/original-src/main/webapp/components/veterinarians/VeterinarianController.js
FNDA:5,0
FNDA:1,1
FNF:2
FNH:2
DA:1,4
DA:3,5
DA:4,1
DA:9,5
end_of_record
SF:/Users/husainbasrawala/development/sonar_selinium_coverage/spring-petclinic/spring-petclinic-web/target/reports/jscover-maven/file/original-src/main/webapp/components/visits/VisitController.js
FNDA:0,0
FNF:1
FNH:0
DA:1,4
end_of_record
SF:/Users/husainbasrawala/development/sonar_selinium_coverage/spring-petclinic/spring-petclinic-web/target/reports/jscover-maven/file/original-src/main/webapp/js/app.js
FNDA:4,0
FNDA:4,1
FNDA:24,2
FNDA:0,3
FNDA:4,4
FNF:5
FNH:4
DA:1,4
DA:5,4
DA:6,4
DA:9,4
DA:11,4
DA:13,4
DA:45,4
DA:56,4
DA:57,4
DA:58,4
DA:59,4
DA:60,4
DA:61,4
DA:62,4
DA:63,4
DA:64,4
DA:65,4
DA:68,4
DA:69,4
DA:70,4
DA:71,4
DA:72,4
DA:73,4
DA:74,4
DA:78,4
DA:79,4
DA:80,24
DA:81,0
DA:84,0
DA:89,4
DA:91,4
DA:92,4
end_of_record
SF:/Users/husainbasrawala/development/sonar_selinium_coverage/spring-petclinic/spring-petclinic-web/target/reports/jscover-maven/file/original-src/main/webapp/services/services.js
FNDA:4,0
FNDA:2,1
FNDA:4,2
FNDA:4,3
FNDA:0,4
FNDA:2,5
FNDA:4,6
FNDA:4,7
FNDA:0,8
FNF:9
FNH:7
BRDA:32,0,1,4
BRDA:32,0,2,-
DA:1,4
DA:2,4
DA:5,4
DA:6,2
DA:9,4
DA:10,4
DA:13,4
DA:14,4
DA:17,4
DA:18,0
DA:21,4
DA:22,2
DA:25,4
DA:26,4
DA:29,4
DA:30,4
DA:32,4
DA:33,0
DA:40,0
DA:41,0
DA:42,0
DA:43,0
DA:44,0
DA:45,0
DA:46,0
DA:47,0
DA:48,0
DA:49,0
DA:50,0
DA:52,0
DA:53,0
DA:54,0
DA:57,4
DA:58,4
DA:59,4
DA:60,4
DA:61,4
DA:62,4
end_of_record
