SF:/Users/husainbasrawala/development/sonar_selinium_coverage/petclinic-angular/spring-petclinic-web/src/main/main/webapp/components/_partials/SearchController.js
FNDA:5,0
FNDA:5,1
FNDA:0,2
FNF:3
FNH:2
BRDA:5,0,1,5
BRDA:5,0,2,-
DA:1,5
DA:2,5
DA:3,5
DA:4,5
DA:5,5
DA:6,0
DA:7,0
DA:10,5
end_of_record
SF:/Users/husainbasrawala/development/sonar_selinium_coverage/petclinic-angular/spring-petclinic-web/src/main/main/webapp/components/dashboard/DashboardController.js
FNDA:2,0
FNF:1
FNH:1
DA:1,5
end_of_record
SF:/Users/husainbasrawala/development/sonar_selinium_coverage/petclinic-angular/spring-petclinic-web/src/main/main/webapp/components/directives/DatePickerDirective.js
FNDA:0,0
FNDA:0,1
FNF:2
FNH:0
DA:1,5
DA:2,0
DA:3,0
end_of_record
SF:/Users/husainbasrawala/development/sonar_selinium_coverage/petclinic-angular/spring-petclinic-web/src/main/main/webapp/components/main/MainController.js
FNDA:10,0
FNDA:354,1
FNDA:0,2
FNDA:0,3
FNDA:2,4
FNDA:15,5
FNF:6
FNH:4
BRDA:20,0,1,2
BRDA:20,0,2,-
BRDA:58,0,1,15
BRDA:58,0,2,-
BRDA:58,0,3,10
BRDA:58,0,4,-
DA:1,5
DA:3,10
DA:5,10
DA:6,354
DA:9,10
DA:10,0
DA:11,0
DA:14,10
DA:15,0
DA:16,0
DA:19,10
DA:20,2
DA:21,0
DA:23,2
DA:27,10
DA:49,10
DA:51,10
DA:53,10
DA:55,10
DA:56,15
DA:58,15
DA:59,0
DA:60,0
end_of_record
SF:/Users/husainbasrawala/development/sonar_selinium_coverage/petclinic-angular/spring-petclinic-web/src/main/main/webapp/components/owners/OwnerController.js
FNDA:2,0
FNDA:0,1
FNDA:1,2
FNDA:0,3
FNDA:0,4
FNDA:0,5
FNDA:1,6
FNDA:0,7
FNF:8
FNH:3
BRDA:33,0,1,-
BRDA:33,0,2,-
BRDA:34,0,1,-
BRDA:34,0,2,-
DA:1,5
DA:2,2
DA:3,0
DA:8,2
DA:11,5
DA:13,1
DA:14,1
DA:15,1
DA:17,1
DA:18,1
DA:19,1
DA:21,1
DA:22,0
DA:23,0
DA:26,1
DA:27,0
DA:28,0
DA:31,1
DA:32,0
DA:33,0
DA:34,0
DA:35,0
DA:36,0
DA:43,5
DA:45,1
DA:47,1
DA:48,0
end_of_record
SF:/Users/husainbasrawala/development/sonar_selinium_coverage/petclinic-angular/spring-petclinic-web/src/main/main/webapp/components/pets/PetController.js
FNDA:3,0
FNDA:1,1
FNDA:1,2
FNDA:0,3
FNDA:0,4
FNF:5
FNH:3
BRDA:19,0,1,-
BRDA:19,0,2,-
BRDA:20,0,1,-
BRDA:20,0,2,-
BRDA:28,0,1,-
BRDA:28,0,2,-
BRDA:29,0,1,-
BRDA:29,0,2,-
BRDA:30,0,1,-
BRDA:30,0,2,-
BRDA:35,0,1,-
BRDA:35,0,2,-
DA:1,5
DA:3,3
DA:4,1
DA:9,3
DA:13,5
DA:14,1
DA:16,1
DA:17,0
DA:19,0
DA:20,0
DA:21,0
DA:22,0
DA:26,0
DA:27,0
DA:28,0
DA:29,0
DA:30,0
DA:31,0
DA:32,0
DA:35,0
DA:36,0
end_of_record
SF:/Users/husainbasrawala/development/sonar_selinium_coverage/petclinic-angular/spring-petclinic-web/src/main/main/webapp/components/veterinarians/VeterinarianController.js
FNDA:3,0
FNDA:1,1
FNF:2
FNH:2
DA:1,5
DA:3,3
DA:4,1
DA:9,3
end_of_record
SF:/Users/husainbasrawala/development/sonar_selinium_coverage/petclinic-angular/spring-petclinic-web/src/main/main/webapp/components/visits/VisitController.js
FNDA:0,0
FNF:1
FNH:0
DA:1,5
end_of_record
SF:/Users/husainbasrawala/development/sonar_selinium_coverage/petclinic-angular/spring-petclinic-web/src/main/main/webapp/js/app.js
FNDA:5,0
FNDA:5,1
FNDA:15,2
FNDA:0,3
FNDA:5,4
FNF:5
FNH:4
DA:1,5
DA:5,5
DA:6,5
DA:9,5
DA:11,5
DA:13,5
DA:45,5
DA:56,5
DA:57,5
DA:58,5
DA:59,5
DA:60,5
DA:61,5
DA:62,5
DA:63,5
DA:64,5
DA:65,5
DA:68,5
DA:69,5
DA:70,5
DA:71,5
DA:72,5
DA:73,5
DA:74,5
DA:78,5
DA:79,5
DA:80,15
DA:81,0
DA:84,0
DA:89,5
DA:91,5
DA:92,5
end_of_record
SF:/Users/husainbasrawala/development/sonar_selinium_coverage/petclinic-angular/spring-petclinic-web/src/main/main/webapp/services/services.js
FNDA:1,0
FNDA:1,1
FNDA:2,2
FNDA:1,3
FNDA:0,4
FNDA:1,5
FNDA:5,6
FNDA:5,7
FNDA:0,8
FNF:9
FNH:7
BRDA:32,0,1,5
BRDA:32,0,2,-
DA:1,5
DA:2,1
DA:5,5
DA:6,1
DA:9,5
DA:10,2
DA:13,5
DA:14,1
DA:17,5
DA:18,0
DA:21,5
DA:22,1
DA:25,5
DA:26,5
DA:29,5
DA:30,5
DA:32,5
DA:33,0
DA:40,0
DA:41,0
DA:42,0
DA:43,0
DA:44,0
DA:45,0
DA:46,0
DA:47,0
DA:48,0
DA:49,0
DA:50,0
DA:52,0
DA:53,0
DA:54,0
DA:57,5
DA:58,5
DA:59,5
DA:60,5
DA:61,5
DA:62,5
end_of_record
